<?xml version="1.0" encoding="UTF-8"?>
<coverage generated="1738311214864" clover="3.2.0">
  <project timestamp="1738311214864" name="All files">
    <metrics statements="78" coveredstatements="68" conditionals="46" coveredconditionals="32" methods="6" coveredmethods="6" elements="130" coveredelements="106" complexity="0" loc="78" ncloc="78" packages="1" files="1" classes="1"/>
    <file name="maintenance.model.js" path="C:\Users\Usuario\Desktop\Cosas Personales\Gestion de Proyectos\Back\Backend\models\maintenance.model.js">
      <metrics statements="78" coveredstatements="68" conditionals="46" coveredconditionals="32" methods="6" coveredmethods="6"/>
      <line num="1" count="1" type="stmt"/>
      <line num="4" count="1" type="stmt"/>
      <line num="5" count="1" type="stmt"/>
      <line num="6" count="1" type="stmt"/>
      <line num="10" count="2" type="stmt"/>
      <line num="13" count="2" type="stmt"/>
      <line num="17" count="2" type="stmt"/>
      <line num="18" count="2" type="stmt"/>
      <line num="19" count="2" type="cond" truecount="2" falsecount="0"/>
      <line num="20" count="1" type="stmt"/>
      <line num="23" count="1" type="stmt"/>
      <line num="26" count="1" type="stmt"/>
      <line num="30" count="1" type="stmt"/>
      <line num="31" count="1" type="stmt"/>
      <line num="32" count="1" type="stmt"/>
      <line num="36" count="3" type="stmt"/>
      <line num="39" count="3" type="cond" truecount="4" falsecount="0"/>
      <line num="40" count="1" type="stmt"/>
      <line num="44" count="2" type="cond" truecount="3" falsecount="1"/>
      <line num="45" count="0" type="stmt"/>
      <line num="49" count="2" type="cond" truecount="1" falsecount="1"/>
      <line num="50" count="0" type="stmt"/>
      <line num="54" count="2" type="cond" truecount="1" falsecount="1"/>
      <line num="55" count="0" type="stmt"/>
      <line num="59" count="2" type="cond" truecount="1" falsecount="1"/>
      <line num="60" count="0" type="stmt"/>
      <line num="64" count="2" type="cond" truecount="4" falsecount="0"/>
      <line num="65" count="1" type="stmt"/>
      <line num="68" count="1" type="stmt"/>
      <line num="75" count="1" type="stmt"/>
      <line num="76" count="1" type="stmt"/>
      <line num="77" count="1" type="stmt"/>
      <line num="78" count="1" type="stmt"/>
      <line num="79" count="1" type="stmt"/>
      <line num="80" count="1" type="stmt"/>
      <line num="81" count="1" type="stmt"/>
      <line num="82" count="1" type="stmt"/>
      <line num="83" count="1" type="cond" truecount="1" falsecount="1"/>
      <line num="84" count="1" type="cond" truecount="1" falsecount="1"/>
      <line num="86" count="1" type="stmt"/>
      <line num="87" count="1" type="stmt"/>
      <line num="89" count="1" type="stmt"/>
      <line num="93" count="1" type="stmt"/>
      <line num="94" count="1" type="stmt"/>
      <line num="97" count="1" type="stmt"/>
      <line num="98" count="1" type="stmt"/>
      <line num="99" count="1" type="stmt"/>
      <line num="103" count="1" type="stmt"/>
      <line num="106" count="1" type="cond" truecount="3" falsecount="1"/>
      <line num="107" count="0" type="stmt"/>
      <line num="111" count="1" type="cond" truecount="3" falsecount="1"/>
      <line num="112" count="0" type="stmt"/>
      <line num="116" count="1" type="cond" truecount="1" falsecount="1"/>
      <line num="117" count="0" type="stmt"/>
      <line num="121" count="1" type="cond" truecount="1" falsecount="1"/>
      <line num="122" count="0" type="stmt"/>
      <line num="126" count="1" type="cond" truecount="1" falsecount="1"/>
      <line num="127" count="0" type="stmt"/>
      <line num="131" count="1" type="cond" truecount="3" falsecount="1"/>
      <line num="132" count="0" type="stmt"/>
      <line num="136" count="1" type="stmt"/>
      <line num="145" count="1" type="stmt"/>
      <line num="146" count="1" type="stmt"/>
      <line num="147" count="1" type="stmt"/>
      <line num="148" count="1" type="stmt"/>
      <line num="149" count="1" type="stmt"/>
      <line num="150" count="1" type="stmt"/>
      <line num="151" count="1" type="stmt"/>
      <line num="152" count="1" type="stmt"/>
      <line num="153" count="1" type="stmt"/>
      <line num="154" count="1" type="cond" truecount="1" falsecount="1"/>
      <line num="155" count="1" type="cond" truecount="1" falsecount="1"/>
      <line num="157" count="1" type="stmt"/>
      <line num="161" count="1" type="stmt"/>
      <line num="162" count="1" type="stmt"/>
      <line num="165" count="1" type="stmt"/>
      <line num="166" count="1" type="stmt"/>
      <line num="169" count="1" type="stmt"/>
    </file>
  </project>
</coverage>
