{"C:\\Users\\Usuario\\Desktop\\Cosas Personales\\Gestion de Proyectos\\Back\\Backend\\models\\maintenance.model.js": {"path":"C:\\Users\\Usuario\\Desktop\\Cosas Personales\\Gestion de Proyectos\\Back\\Backend\\models\\maintenance.model.js","statementMap":{"0":{"start":{"line":1,"column":12},"end":{"line":1,"column":28}},"1":{"start":{"line":4,"column":18},"end":{"line":4,"column":35}},"2":{"start":{"line":5,"column":17},"end":{"line":5,"column":86}},"3":{"start":{"line":6,"column":2},"end":{"line":6,"column":26}},"4":{"start":{"line":10,"column":18},"end":{"line":10,"column":35}},"5":{"start":{"line":13,"column":28},"end":{"line":16,"column":3}},"6":{"start":{"line":17,"column":2},"end":{"line":17,"column":46}},"7":{"start":{"line":18,"column":29},"end":{"line":18,"column":67}},"8":{"start":{"line":19,"column":2},"end":{"line":21,"column":3}},"9":{"start":{"line":20,"column":4},"end":{"line":20,"column":68}},"10":{"start":{"line":23,"column":20},"end":{"line":23,"column":54}},"11":{"start":{"line":26,"column":16},"end":{"line":29,"column":3}},"12":{"start":{"line":30,"column":2},"end":{"line":30,"column":50}},"13":{"start":{"line":31,"column":17},"end":{"line":31,"column":43}},"14":{"start":{"line":32,"column":2},"end":{"line":32,"column":26}},"15":{"start":{"line":36,"column":18},"end":{"line":36,"column":35}},"16":{"start":{"line":39,"column":2},"end":{"line":41,"column":3}},"17":{"start":{"line":40,"column":4},"end":{"line":40,"column":71}},"18":{"start":{"line":44,"column":2},"end":{"line":46,"column":3}},"19":{"start":{"line":45,"column":4},"end":{"line":45,"column":83}},"20":{"start":{"line":49,"column":2},"end":{"line":51,"column":3}},"21":{"start":{"line":50,"column":4},"end":{"line":50,"column":61}},"22":{"start":{"line":54,"column":2},"end":{"line":56,"column":3}},"23":{"start":{"line":55,"column":4},"end":{"line":55,"column":89}},"24":{"start":{"line":59,"column":2},"end":{"line":61,"column":3}},"25":{"start":{"line":60,"column":4},"end":{"line":60,"column":77}},"26":{"start":{"line":64,"column":2},"end":{"line":66,"column":3}},"27":{"start":{"line":65,"column":4},"end":{"line":65,"column":70}},"28":{"start":{"line":68,"column":16},"end":{"line":73,"column":3}},"29":{"start":{"line":75,"column":2},"end":{"line":75,"column":63}},"30":{"start":{"line":76,"column":2},"end":{"line":76,"column":82}},"31":{"start":{"line":77,"column":2},"end":{"line":77,"column":67}},"32":{"start":{"line":78,"column":2},"end":{"line":78,"column":68}},"33":{"start":{"line":79,"column":2},"end":{"line":79,"column":95}},"34":{"start":{"line":80,"column":2},"end":{"line":80,"column":71}},"35":{"start":{"line":81,"column":2},"end":{"line":81,"column":80}},"36":{"start":{"line":82,"column":2},"end":{"line":82,"column":76}},"37":{"start":{"line":83,"column":2},"end":{"line":83,"column":80}},"38":{"start":{"line":84,"column":2},"end":{"line":84,"column":66}},"39":{"start":{"line":86,"column":17},"end":{"line":86,"column":43}},"40":{"start":{"line":87,"column":24},"end":{"line":87,"column":46}},"41":{"start":{"line":89,"column":2},"end":{"line":89,"column":23}},"42":{"start":{"line":93,"column":18},"end":{"line":93,"column":35}},"43":{"start":{"line":94,"column":16},"end":{"line":96,"column":3}},"44":{"start":{"line":97,"column":2},"end":{"line":97,"column":35}},"45":{"start":{"line":98,"column":17},"end":{"line":98,"column":43}},"46":{"start":{"line":99,"column":2},"end":{"line":99,"column":29}},"47":{"start":{"line":103,"column":18},"end":{"line":103,"column":35}},"48":{"start":{"line":106,"column":2},"end":{"line":108,"column":3}},"49":{"start":{"line":107,"column":4},"end":{"line":107,"column":71}},"50":{"start":{"line":111,"column":2},"end":{"line":113,"column":3}},"51":{"start":{"line":112,"column":4},"end":{"line":112,"column":83}},"52":{"start":{"line":116,"column":2},"end":{"line":118,"column":3}},"53":{"start":{"line":117,"column":4},"end":{"line":117,"column":61}},"54":{"start":{"line":121,"column":2},"end":{"line":123,"column":3}},"55":{"start":{"line":122,"column":4},"end":{"line":122,"column":89}},"56":{"start":{"line":126,"column":2},"end":{"line":128,"column":3}},"57":{"start":{"line":127,"column":4},"end":{"line":127,"column":77}},"58":{"start":{"line":131,"column":2},"end":{"line":133,"column":3}},"59":{"start":{"line":132,"column":4},"end":{"line":132,"column":70}},"60":{"start":{"line":136,"column":16},"end":{"line":143,"column":3}},"61":{"start":{"line":145,"column":2},"end":{"line":145,"column":35}},"62":{"start":{"line":146,"column":2},"end":{"line":146,"column":63}},"63":{"start":{"line":147,"column":2},"end":{"line":147,"column":82}},"64":{"start":{"line":148,"column":2},"end":{"line":148,"column":67}},"65":{"start":{"line":149,"column":2},"end":{"line":149,"column":68}},"66":{"start":{"line":150,"column":2},"end":{"line":150,"column":95}},"67":{"start":{"line":151,"column":2},"end":{"line":151,"column":71}},"68":{"start":{"line":152,"column":2},"end":{"line":152,"column":80}},"69":{"start":{"line":153,"column":2},"end":{"line":153,"column":76}},"70":{"start":{"line":154,"column":2},"end":{"line":154,"column":80}},"71":{"start":{"line":155,"column":2},"end":{"line":155,"column":66}},"72":{"start":{"line":157,"column":2},"end":{"line":157,"column":29}},"73":{"start":{"line":161,"column":18},"end":{"line":161,"column":35}},"74":{"start":{"line":162,"column":16},"end":{"line":164,"column":3}},"75":{"start":{"line":165,"column":2},"end":{"line":165,"column":35}},"76":{"start":{"line":166,"column":2},"end":{"line":166,"column":29}},"77":{"start":{"line":169,"column":0},"end":{"line":169,"column":137}}},"fnMap":{"0":{"name":"getAllMaintenances","decl":{"start":{"line":3,"column":15},"end":{"line":3,"column":33}},"loc":{"start":{"line":3,"column":36},"end":{"line":7,"column":1}},"line":3},"1":{"name":"getMaintenanceByPlate","decl":{"start":{"line":9,"column":15},"end":{"line":9,"column":36}},"loc":{"start":{"line":9,"column":44},"end":{"line":33,"column":1}},"line":9},"2":{"name":"addMaintenance","decl":{"start":{"line":35,"column":15},"end":{"line":35,"column":29}},"loc":{"start":{"line":35,"column":43},"end":{"line":90,"column":1}},"line":35},"3":{"name":"getMaintenanceById","decl":{"start":{"line":92,"column":15},"end":{"line":92,"column":33}},"loc":{"start":{"line":92,"column":38},"end":{"line":100,"column":1}},"line":92},"4":{"name":"updateMaintenance","decl":{"start":{"line":102,"column":15},"end":{"line":102,"column":32}},"loc":{"start":{"line":102,"column":50},"end":{"line":158,"column":1}},"line":102},"5":{"name":"deleteMaintenance","decl":{"start":{"line":160,"column":15},"end":{"line":160,"column":32}},"loc":{"start":{"line":160,"column":37},"end":{"line":167,"column":1}},"line":160}},"branchMap":{"0":{"loc":{"start":{"line":19,"column":2},"end":{"line":21,"column":3}},"type":"if","locations":[{"start":{"line":19,"column":2},"end":{"line":21,"column":3}},{"start":{},"end":{}}],"line":19},"1":{"loc":{"start":{"line":39,"column":2},"end":{"line":41,"column":3}},"type":"if","locations":[{"start":{"line":39,"column":2},"end":{"line":41,"column":3}},{"start":{},"end":{}}],"line":39},"2":{"loc":{"start":{"line":39,"column":6},"end":{"line":39,"column":79}},"type":"binary-expr","locations":[{"start":{"line":39,"column":6},"end":{"line":39,"column":48}},{"start":{"line":39,"column":52},"end":{"line":39,"column":79}}],"line":39},"3":{"loc":{"start":{"line":44,"column":2},"end":{"line":46,"column":3}},"type":"if","locations":[{"start":{"line":44,"column":2},"end":{"line":46,"column":3}},{"start":{},"end":{}}],"line":44},"4":{"loc":{"start":{"line":44,"column":6},"end":{"line":44,"column":82}},"type":"binary-expr","locations":[{"start":{"line":44,"column":6},"end":{"line":44,"column":50}},{"start":{"line":44,"column":54},"end":{"line":44,"column":82}}],"line":44},"5":{"loc":{"start":{"line":49,"column":2},"end":{"line":51,"column":3}},"type":"if","locations":[{"start":{"line":49,"column":2},"end":{"line":51,"column":3}},{"start":{},"end":{}}],"line":49},"6":{"loc":{"start":{"line":54,"column":2},"end":{"line":56,"column":3}},"type":"if","locations":[{"start":{"line":54,"column":2},"end":{"line":56,"column":3}},{"start":{},"end":{}}],"line":54},"7":{"loc":{"start":{"line":59,"column":2},"end":{"line":61,"column":3}},"type":"if","locations":[{"start":{"line":59,"column":2},"end":{"line":61,"column":3}},{"start":{},"end":{}}],"line":59},"8":{"loc":{"start":{"line":64,"column":2},"end":{"line":66,"column":3}},"type":"if","locations":[{"start":{"line":64,"column":2},"end":{"line":66,"column":3}},{"start":{},"end":{}}],"line":64},"9":{"loc":{"start":{"line":64,"column":6},"end":{"line":64,"column":100}},"type":"binary-expr","locations":[{"start":{"line":64,"column":6},"end":{"line":64,"column":54}},{"start":{"line":64,"column":58},"end":{"line":64,"column":100}}],"line":64},"10":{"loc":{"start":{"line":83,"column":46},"end":{"line":83,"column":78}},"type":"binary-expr","locations":[{"start":{"line":83,"column":46},"end":{"line":83,"column":70}},{"start":{"line":83,"column":74},"end":{"line":83,"column":78}}],"line":83},"11":{"loc":{"start":{"line":84,"column":38},"end":{"line":84,"column":64}},"type":"binary-expr","locations":[{"start":{"line":84,"column":38},"end":{"line":84,"column":59}},{"start":{"line":84,"column":63},"end":{"line":84,"column":64}}],"line":84},"12":{"loc":{"start":{"line":106,"column":2},"end":{"line":108,"column":3}},"type":"if","locations":[{"start":{"line":106,"column":2},"end":{"line":108,"column":3}},{"start":{},"end":{}}],"line":106},"13":{"loc":{"start":{"line":106,"column":6},"end":{"line":106,"column":79}},"type":"binary-expr","locations":[{"start":{"line":106,"column":6},"end":{"line":106,"column":48}},{"start":{"line":106,"column":52},"end":{"line":106,"column":79}}],"line":106},"14":{"loc":{"start":{"line":111,"column":2},"end":{"line":113,"column":3}},"type":"if","locations":[{"start":{"line":111,"column":2},"end":{"line":113,"column":3}},{"start":{},"end":{}}],"line":111},"15":{"loc":{"start":{"line":111,"column":6},"end":{"line":111,"column":82}},"type":"binary-expr","locations":[{"start":{"line":111,"column":6},"end":{"line":111,"column":50}},{"start":{"line":111,"column":54},"end":{"line":111,"column":82}}],"line":111},"16":{"loc":{"start":{"line":116,"column":2},"end":{"line":118,"column":3}},"type":"if","locations":[{"start":{"line":116,"column":2},"end":{"line":118,"column":3}},{"start":{},"end":{}}],"line":116},"17":{"loc":{"start":{"line":121,"column":2},"end":{"line":123,"column":3}},"type":"if","locations":[{"start":{"line":121,"column":2},"end":{"line":123,"column":3}},{"start":{},"end":{}}],"line":121},"18":{"loc":{"start":{"line":126,"column":2},"end":{"line":128,"column":3}},"type":"if","locations":[{"start":{"line":126,"column":2},"end":{"line":128,"column":3}},{"start":{},"end":{}}],"line":126},"19":{"loc":{"start":{"line":131,"column":2},"end":{"line":133,"column":3}},"type":"if","locations":[{"start":{"line":131,"column":2},"end":{"line":133,"column":3}},{"start":{},"end":{}}],"line":131},"20":{"loc":{"start":{"line":131,"column":6},"end":{"line":131,"column":100}},"type":"binary-expr","locations":[{"start":{"line":131,"column":6},"end":{"line":131,"column":54}},{"start":{"line":131,"column":58},"end":{"line":131,"column":100}}],"line":131},"21":{"loc":{"start":{"line":154,"column":46},"end":{"line":154,"column":78}},"type":"binary-expr","locations":[{"start":{"line":154,"column":46},"end":{"line":154,"column":70}},{"start":{"line":154,"column":74},"end":{"line":154,"column":78}}],"line":154},"22":{"loc":{"start":{"line":155,"column":38},"end":{"line":155,"column":64}},"type":"binary-expr","locations":[{"start":{"line":155,"column":38},"end":{"line":155,"column":59}},{"start":{"line":155,"column":63},"end":{"line":155,"column":64}}],"line":155}},"s":{"0":1,"1":1,"2":1,"3":1,"4":2,"5":2,"6":2,"7":2,"8":2,"9":1,"10":1,"11":1,"12":1,"13":1,"14":1,"15":3,"16":3,"17":1,"18":2,"19":0,"20":2,"21":0,"22":2,"23":0,"24":2,"25":0,"26":2,"27":1,"28":1,"29":1,"30":1,"31":1,"32":1,"33":1,"34":1,"35":1,"36":1,"37":1,"38":1,"39":1,"40":1,"41":1,"42":1,"43":1,"44":1,"45":1,"46":1,"47":1,"48":1,"49":0,"50":1,"51":0,"52":1,"53":0,"54":1,"55":0,"56":1,"57":0,"58":1,"59":0,"60":1,"61":1,"62":1,"63":1,"64":1,"65":1,"66":1,"67":1,"68":1,"69":1,"70":1,"71":1,"72":1,"73":1,"74":1,"75":1,"76":1,"77":1},"f":{"0":1,"1":2,"2":3,"3":1,"4":1,"5":1},"b":{"0":[1,1],"1":[1,2],"2":[3,3],"3":[0,2],"4":[2,2],"5":[0,2],"6":[0,2],"7":[0,2],"8":[1,1],"9":[2,2],"10":[1,0],"11":[1,0],"12":[0,1],"13":[1,1],"14":[0,1],"15":[1,1],"16":[0,1],"17":[0,1],"18":[0,1],"19":[0,1],"20":[1,1],"21":[1,0],"22":[1,0]},"_coverageSchema":"1a1c01bbd47fc00a2c39e90264f33305004495a9","hash":"04a59b2c7ff2d8857c9e6da355a1a23676cfc7c9"}
}
