TN:
SF:models\maintenance.model.js
FN:3,getAllMaintenances
FN:9,getMaintenanceByPlate
FN:35,addMaintenance
FN:92,getMaintenanceById
FN:102,updateMaintenance
FN:160,deleteMaintenance
FNF:6
FNH:6
FNDA:1,getAllMaintenances
FNDA:2,getMaintenanceByPlate
FNDA:3,addMaintenance
FNDA:1,getMaintenanceById
FNDA:1,updateMaintenance
FNDA:1,deleteMaintenance
DA:1,1
DA:4,1
DA:5,1
DA:6,1
DA:10,2
DA:13,2
DA:17,2
DA:18,2
DA:19,2
DA:20,1
DA:23,1
DA:26,1
DA:30,1
DA:31,1
DA:32,1
DA:36,3
DA:39,3
DA:40,1
DA:44,2
DA:45,0
DA:49,2
DA:50,0
DA:54,2
DA:55,0
DA:59,2
DA:60,0
DA:64,2
DA:65,1
DA:68,1
DA:75,1
DA:76,1
DA:77,1
DA:78,1
DA:79,1
DA:80,1
DA:81,1
DA:82,1
DA:83,1
DA:84,1
DA:86,1
DA:87,1
DA:89,1
DA:93,1
DA:94,1
DA:97,1
DA:98,1
DA:99,1
DA:103,1
DA:106,1
DA:107,0
DA:111,1
DA:112,0
DA:116,1
DA:117,0
DA:121,1
DA:122,0
DA:126,1
DA:127,0
DA:131,1
DA:132,0
DA:136,1
DA:145,1
DA:146,1
DA:147,1
DA:148,1
DA:149,1
DA:150,1
DA:151,1
DA:152,1
DA:153,1
DA:154,1
DA:155,1
DA:157,1
DA:161,1
DA:162,1
DA:165,1
DA:166,1
DA:169,1
LF:78
LH:68
BRDA:19,0,0,1
BRDA:19,0,1,1
BRDA:39,1,0,1
BRDA:39,1,1,2
BRDA:39,2,0,3
BRDA:39,2,1,3
BRDA:44,3,0,0
BRDA:44,3,1,2
BRDA:44,4,0,2
BRDA:44,4,1,2
BRDA:49,5,0,0
BRDA:49,5,1,2
BRDA:54,6,0,0
BRDA:54,6,1,2
BRDA:59,7,0,0
BRDA:59,7,1,2
BRDA:64,8,0,1
BRDA:64,8,1,1
BRDA:64,9,0,2
BRDA:64,9,1,2
BRDA:83,10,0,1
BRDA:83,10,1,0
BRDA:84,11,0,1
BRDA:84,11,1,0
BRDA:106,12,0,0
BRDA:106,12,1,1
BRDA:106,13,0,1
BRDA:106,13,1,1
BRDA:111,14,0,0
BRDA:111,14,1,1
BRDA:111,15,0,1
BRDA:111,15,1,1
BRDA:116,16,0,0
BRDA:116,16,1,1
BRDA:121,17,0,0
BRDA:121,17,1,1
BRDA:126,18,0,0
BRDA:126,18,1,1
BRDA:131,19,0,0
BRDA:131,19,1,1
BRDA:131,20,0,1
BRDA:131,20,1,1
BRDA:154,21,0,1
BRDA:154,21,1,0
BRDA:155,22,0,1
BRDA:155,22,1,0
BRF:46
BRH:32
end_of_record
